<?xml version="1.0" encoding="UTF-8"?>
<testng-results ignored="0" total="1" passed="1" failed="0" skipped="0">
  <reporter-output>
  </reporter-output>
  <suite started-at="2024-02-29T18:13:38 IST" name="Surefire suite" finished-at="2024-02-29T18:13:38 IST" duration-ms="119">
    <groups>
    </groups>
    <test started-at="2024-02-29T18:13:38 IST" name="Surefire test" finished-at="2024-02-29T18:13:38 IST" duration-ms="119">
      <class name="OrangeHRM.HRM.AppTest">
        <test-method signature="shouldAnswerWithTrue()" started-at="2024-02-29T18:13:38 IST" name="shouldAnswerWithTrue" finished-at="2024-02-29T18:13:38 IST" duration-ms="13" status="PASS">
          <reporter-output>
          </reporter-output>
        </test-method> <!-- shouldAnswerWithTrue -->
      </class> <!-- OrangeHRM.HRM.AppTest -->
    </test> <!-- Surefire test -->
  </suite> <!-- Surefire suite -->
</testng-results>
