<?xml version="1.0" encoding="UTF-8"?>
<testng-results ignored="0" total="1" passed="1" failed="0" skipped="0">
  <reporter-output>
  </reporter-output>
  <suite started-at="2024-02-29T18:12:42 IST" name="Default suite" finished-at="2024-02-29T18:12:56 IST" duration-ms="13575">
    <groups>
    </groups>
    <test started-at="2024-02-29T18:12:42 IST" name="Default test" finished-at="2024-02-29T18:12:56 IST" duration-ms="13575">
      <class name="OrangeHRM.HRM.Attachment">
        <test-method signature="Log()[pri:0, instance:OrangeHRM.HRM.Attachment@b9b00e0]" started-at="2024-02-29T18:12:43 IST" name="Log" finished-at="2024-02-29T18:12:53 IST" duration-ms="10583" status="PASS">
          <reporter-output>
          </reporter-output>
        </test-method> <!-- Log -->
        <test-method is-config="true" signature="AddAttach()[pri:0, instance:OrangeHRM.HRM.Attachment@b9b00e0]" started-at="2024-02-29T18:12:53 IST" name="AddAttach" finished-at="2024-02-29T18:12:56 IST" duration-ms="2887" status="PASS">
          <reporter-output>
          </reporter-output>
        </test-method> <!-- AddAttach -->
      </class> <!-- OrangeHRM.HRM.Attachment -->
    </test> <!-- Default test -->
  </suite> <!-- Default suite -->
</testng-results>
